<?xml version="1.0" encoding="UTF-8"?>
<!-- Generated by org.testng.reporters.JUnitReportReporter -->
<testsuite hostname="LAPTOP-LB302OQG" failures="0" tests="4" name="api.test.UserTests2" time="6.859" errors="0" timestamp="2024-06-20T17:11:18 IST" skipped="0">
  <testcase classname="api.test.UserTests2" name="testPostUser" time="2.377"/>
  <system-out/>
  <testcase classname="api.test.UserTests2" name="testGetUserByName" time="1.089"/>
  <system-out/>
  <testcase classname="api.test.UserTests2" name="testUpdateUserByName" time="2.319"/>
  <system-out/>
  <testcase classname="api.test.UserTests2" name="testDeleteUserByName" time="1.074"/>
  <system-out/>
</testsuite> <!-- api.test.UserTests2 -->
