<?xml version="1.0" encoding="UTF-8"?>
<!-- Generated by org.testng.reporters.JUnitReportReporter -->
<testsuite hostname="LAPTOP-LB302OQG" failures="0" tests="4" name="api.test.UserTests2" time="9.052" errors="0" timestamp="2024-06-20T19:11:59 IST" skipped="0">
  <testcase classname="api.test.UserTests2" name="testPostUser" time="3.098"/>
  <system-out/>
  <testcase classname="api.test.UserTests2" name="testGetUserByName" time="1.566"/>
  <system-out/>
  <testcase classname="api.test.UserTests2" name="testUpdateUserByName" time="2.959"/>
  <system-out/>
  <testcase classname="api.test.UserTests2" name="testDeleteUserByName" time="1.429"/>
  <system-out/>
</testsuite> <!-- api.test.UserTests2 -->
